3.913048898595955727e+00
3.874586119882545532e+00
3.836571852770910063e+00
3.799848100264545447e+00
3.764669840618618757e+00
3.730480368899717014e+00
3.696775156146893782e+00
3.663403067027990900e+00
3.630296576492223259e+00
3.597370914498382977e+00
3.564606096747136910e+00
3.532014064506499018e+00
3.499641353040538139e+00
3.467477303309388859e+00
3.435521862491853984e+00
3.403775188510915317e+00
3.372237535726420710e+00
3.340909170448003618e+00
3.309785317956071449e+00
3.278819715082043729e+00
3.248118436386428609e+00
3.217605541463530283e+00
3.187312417512520479e+00
3.157237382539515469e+00
3.127378853440817785e+00
3.097735325317226618e+00
3.068305355304014270e+00
3.039087549907217412e+00
3.010080555074198472e+00
2.981283048403243985e+00
2.952693733033011636e+00
2.924311332854091283e+00
2.896134588763862983e+00
2.868162255745842160e+00
2.840393100601914522e+00
2.812825900201716411e+00
2.785459440142171506e+00
2.758292513732291340e+00
2.731323921235794483e+00
2.704552469318153740e+00
2.677976970654869948e+00
2.651596243667243780e+00
2.625409112358267461e+00
2.599380252220929943e+00
2.573508124534417352e+00
2.547768644392350179e+00
2.522187124874396780e+00
2.496782516087562964e+00
2.471578561117215411e+00
2.446551814879396325e+00
2.421707646981171802e+00
2.397055468698227720e+00
2.372603082983270717e+00
2.348356140820108351e+00
2.324315237189405803e+00
2.300445000438945176e+00
2.276765961964809293e+00
2.253280251723866812e+00
2.229973747113510374e+00
2.206850375867720260e+00
2.183899845190476086e+00
2.161136865199680734e+00
2.138543056790742192e+00
2.116109573158948987e+00
2.093862596784029861e+00
2.071784319982771905e+00
2.049858966866959342e+00
2.028084776204720274e+00
2.006494649301608924e+00
1.985075337191227529e+00
1.963815566542516766e+00
1.942702345851702983e+00
1.921737136245504241e+00
1.900909972674263315e+00
1.880263322286126471e+00
1.859783443114077395e+00
1.839461278507666053e+00
1.819292429897992003e+00
1.799266028029010256e+00
1.779385297473564664e+00
1.759648237145699623e+00
1.740054360267435873e+00
1.720592268271787795e+00
1.701271390675714423e+00
1.682119625549602038e+00
1.663126028397789558e+00
1.644285454871468266e+00
1.625593595627527588e+00
1.607045562949263262e+00
1.588640374274937539e+00
1.570375682156324837e+00
1.552242984607639098e+00
1.534247953940205855e+00
1.516389632624544292e+00
1.498667476174750268e+00
1.481080941082257185e+00
1.463629484819792825e+00
1.446312565849684262e+00
1.429129643635801417e+00
1.412080178658421836e+00
1.395156164184775838e+00
1.378348642115533762e+00
1.361689064235118263e+00
1.345177546994029250e+00
1.328808539960827151e+00
1.312579037766560930e+00
1.296486152819383841e+00
1.280527507916673136e+00
1.264701316683576549e+00
1.249004695935863829e+00
1.233437360430824636e+00
1.217997943089140556e+00
1.202685661479905965e+00
1.187498589663374737e+00
1.172437444493733771e+00
1.157495015240884051e+00
1.142676505775974682e+00
1.127981385998259034e+00
1.113409128105660617e+00
1.098959206578604908e+00
1.084631098165014684e+00
1.070424281865867133e+00
1.056338238921668449e+00
1.042372452799368743e+00
1.028526409179978618e+00
1.014799595946548560e+00
1.001191503172654151e+00
9.877016231111642730e-01
9.743294501833433818e-01
9.610744809682548739e-01
9.479362141923076690e-01
9.349141507189802081e-01
9.220077935387649415e-01
9.092166477591058227e-01
8.965402205945081082e-01
8.839780213565892053e-01
8.715295614442600813e-01
8.591943543338439460e-01
8.469719155691100010e-01
8.348594885418700873e-01
8.228557628598405227e-01
8.109635041957410362e-01
7.991822354066969725e-01
7.874998367676486755e-01
7.759420861246868473e-01
7.645015004373970635e-01
7.531767736761617593e-01
7.419647837694647308e-01
7.308645634280970249e-01
7.198748539803774271e-01
7.089945876809919945e-01
6.982227925841099081e-01
6.875585374549144646e-01
6.770010357539670842e-01
6.665488241348896947e-01
6.562018827429372259e-01
6.459588541399002848e-01
6.358197058079325670e-01
6.257838503040037414e-01
6.158511283581664664e-01
6.060200601642368179e-01
5.962906260149438697e-01
5.866625046229136942e-01
5.771350838492768087e-01
5.677085406036661563e-01
5.583817762809454299e-01
5.491543597074993732e-01
5.400258616460038574e-01
5.309958547694235698e-01
5.220639136348722564e-01
5.132264105763602036e-01
5.044862355891990280e-01
4.958429675118466440e-01
4.872961869133157764e-01
4.788454760682466782e-01
4.704904189316780339e-01
4.622306011131875336e-01
4.540656098508048522e-01
4.459950339841478040e-01
4.380184639271629821e-01
4.301354916402200246e-01
4.223457106014991136e-01
4.146487157777531407e-01
4.070441035942368169e-01
3.995314719038994822e-01
3.921104199556303960e-01
3.847805483616018596e-01
3.775414590635954859e-01
3.703927552982530513e-01
3.633340415611643337e-01
3.563649235696755846e-01
3.494850082244052580e-01
3.426939035693059576e-01
3.359912187501454817e-01
3.293765639713871485e-01
3.228495504512404191e-01
3.164097903748150920e-01
3.100568968451928309e-01
3.037904838322921797e-01
2.976101661193485959e-01
2.915155592467931767e-01
2.855062794533530512e-01
2.795819436141723235e-01
2.737421691756630748e-01
2.679865740868722090e-01
2.623147767270651576e-01
2.567263958291683412e-01
2.512210503988066002e-01
2.457983596284828431e-01
2.404579428065548863e-01
2.351994192204952538e-01
2.300224080539340910e-01
2.249265282770141483e-01
2.199113985293274232e-01
2.149766369948196698e-01
2.101218612679630893e-01
2.053466882102301105e-01
2.006507337960643234e-01
1.960336129472583511e-01
1.914964219893802722e-01
1.870400876270138235e-01
1.826641781476061877e-01
1.783682589018645293e-01
1.741518920457567066e-01
1.700146362640024000e-01
1.659560464732553198e-01
1.619756735031121220e-01
1.580730637528481031e-01
1.542477588214815065e-01
1.504992951085754316e-01
1.468272033828177392e-01
1.432310083150854507e-01
1.397102279723232143e-01
1.362643732680665631e-01
1.328929473649269610e-01
1.295954450237951361e-01
1.263713518937513158e-01
1.232201437359288082e-01
1.201412855736337659e-01
1.171342307599769900e-01
1.141984199529411520e-01
1.113332799864813066e-01
1.085386367808207769e-01
1.058175867698915168e-01
1.031693803791915165e-01
1.005932466999409913e-01
9.808839188295789824e-02
9.565399739013140390e-02
9.328921808861757869e-02
9.099318017103197320e-02
8.876497888298950922e-02
8.660415453257017115e-02
8.450923634927816341e-02
8.247911504349234035e-02
8.051276946633655063e-02
7.861336985472723582e-02
7.677981630231310584e-02
7.500965023457317749e-02
7.329988583801581858e-02
7.165347587283345254e-02
7.006739152636322354e-02
6.854022278378341104e-02
6.707010704990065686e-02
6.565578871251233350e-02
6.429881672005892390e-02
6.299691828655859527e-02
6.174775186156936102e-02
6.054888192306681627e-02
5.939713780920333197e-02
5.829059783195360278e-02
5.722703704965098614e-02
5.620606928462679175e-02
5.522099326448797613e-02
5.427504018898926530e-02
5.336543870403768347e-02
5.248896346802911506e-02
5.164258158235487256e-02
5.082341018640661873e-02
5.002882494218192921e-02
4.925879418818997907e-02
4.851223550354905739e-02
4.778583385989604998e-02
4.707619876649368068e-02
4.638109857089306454e-02
4.565301490575084109e-02
4.495842400529014710e-02
4.427287156106104321e-02
4.359501734476233653e-02
4.292443416939487749e-02
4.226090256285527230e-02
4.160355784441664706e-02
4.095170597083076791e-02
4.030478024864558861e-02
3.966124759149004808e-02
3.902619524917748384e-02
3.839525149765724010e-02
3.776836609889008128e-02
3.714543971261242278e-02
3.652650176614424121e-02
3.591162782925444441e-02
3.530092757987456087e-02
3.469975128882607507e-02
3.411001824830466045e-02
3.353081644568578490e-02
3.296136574283507759e-02
3.240106793106887345e-02
3.185144863552413080e-02
3.131079232469907714e-02
3.077790151845877231e-02
3.025239818591030777e-02
2.973395501054367299e-02
2.922227247453833970e-02
2.869475272632598939e-02
2.818527651753873625e-02
2.768217209247045979e-02
2.718527328215746691e-02
2.669443355101154547e-02
2.620952345416001708e-02
2.573042929287830405e-02
2.525703652138820351e-02
2.478896844637322808e-02
2.432823227741039498e-02
2.387310206942170124e-02
2.342347158144658659e-02
2.297926640194819514e-02
2.254042056560195961e-02
2.210687552967912500e-02
2.167857927978096219e-02
2.125548554631332548e-02
2.083755311620197337e-02
2.042474522690049601e-02
2.001702903178481652e-02
1.961437512771144198e-02
1.921675713689923598e-02
1.882434153780083649e-02
1.843717844085673851e-02
1.805529255802274316e-02
1.767931504796967437e-02
1.730910555543336074e-02
1.694417049111944518e-02
1.656334360651098153e-02
1.620525924984930755e-02
1.585264005347517338e-02
1.550541557120803729e-02
1.516352476891394928e-02
1.482691456674852144e-02
1.449553860504137343e-02
1.416935619617631405e-02
1.384833143209156063e-02
1.353243242266688115e-02
1.322163064468033326e-02
1.291590038451229279e-02
1.261523190765192863e-02
1.231958235132754424e-02
1.202892603295197330e-02
1.174330126730606730e-02
1.146300349799240191e-02
1.118797380643204650e-02
1.091798799276113945e-02
1.065300337087622673e-02
1.039298303557577817e-02
1.013789467994760836e-02
9.887709616590254283e-03
9.642401965403694583e-03
9.401947977566790446e-03
9.166325470641119300e-03
8.935513353916037932e-03
8.709491226388440741e-03
8.488239032395818520e-03
8.271736761993442322e-03
8.059966383400214360e-03
7.852907716624191528e-03
7.650721097698480466e-03
7.448088837361850276e-03
7.252252420415441006e-03
7.061250503908437365e-03
6.875182945365587543e-03
6.694771771665353546e-03
6.519977773411093566e-03
6.350750902133027627e-03
6.187139019367196568e-03
6.028907437796383363e-03
5.876780375399235853e-03
5.729965976814303981e-03
5.588691179932978904e-03
5.452855346314362979e-03
5.322609645300384155e-03
5.198051045715436184e-03
5.078537168580970519e-03
4.964049752280237995e-03
4.854799252201333522e-03
4.750645492752664581e-03
4.651421995004378571e-03
4.556954994556042769e-03
4.467066783035753864e-03
4.381571700088737753e-03
4.300811876045257040e-03
4.224556723369056466e-03
4.152373141397640126e-03
4.084043579846411212e-03
4.019345138714339183e-03
3.958054262012583417e-03
3.899948980318838996e-03
3.844470590381493264e-03
3.793091701333100706e-03
3.744370738409706113e-03
3.698134259532370478e-03
3.654166599808164866e-03
3.612260279009550223e-03
3.572223885855433084e-03
3.534470651700828345e-03
3.498725569339685912e-03
3.464337037027807095e-03
3.431160355154388910e-03
3.399056155942589696e-03
3.367743634688903295e-03
3.338671472863993274e-03
3.310377239688612038e-03
3.282774288343907367e-03
3.255773543434399044e-03
3.229123078279288843e-03
3.204286764131137038e-03
3.179844218063555741e-03
3.155756470760203835e-03
3.131976804627666870e-03
3.108763064515119006e-03
3.086657792524842223e-03
3.065193452256741082e-03
3.044235171683886028e-03
3.023745391133624612e-03
3.004528248415249108e-03
2.985910098130835529e-03
2.967607991141599059e-03
2.949588626344263730e-03
2.931939790948602780e-03
2.915495050096194706e-03
2.899259148984644884e-03
2.883300733732647655e-03
2.867595363602274718e-03
2.852418176626051252e-03
2.837920914908590581e-03
2.823608549885618397e-03
2.809447934468814467e-03
2.795446631520322623e-03
2.782106087584932698e-03
2.769134733055248800e-03
2.756286638092859519e-03
2.743552363584082776e-03
2.730924553438911478e-03
2.719060632843757139e-03
2.707324233349600161e-03
2.695669971911022946e-03
2.684101903011285907e-03
2.672753309492316692e-03
2.661954253107651387e-03
2.651246002720715044e-03
2.640605174756575392e-03
2.630030885899803383e-03
2.619904394305740559e-03
2.610021069624748804e-03
2.600199130002752140e-03
2.590433447787849394e-03
2.580828022821459421e-03
2.571671764402640777e-03
2.562580942188952791e-03
2.553536168267468882e-03
2.544538047774898889e-03
2.536028916529123496e-03
2.527589272702487552e-03
2.519189445453015857e-03
2.510830014780597672e-03
2.502873693382743660e-03
2.495017419059606008e-03
2.487196668695442446e-03
2.479413597165330396e-03
2.472036409126594954e-03
2.464706568224254209e-03
2.457405936877816825e-03
2.450290059172445523e-03
2.443397141755618025e-03
2.436539444152677897e-03
2.429768942843787971e-03
2.423278141574451011e-03
2.416822470459725324e-03
2.410479692743364936e-03
2.404359863430230101e-03
2.398271479560286877e-03
2.392423695816478513e-03
2.386649639817805743e-03
2.381092047299253073e-03
2.375665861924428426e-03
2.370468595871479036e-03
2.365503183887550289e-03
2.360587560690500467e-03
2.355690278811556002e-03
2.350810137982219886e-03
2.345946440619498582e-03
2.341098532501682296e-03
2.336265829649421342e-03
2.331447778741157009e-03
2.326643892107603702e-03
2.321853754310339909e-03
2.317077002822988657e-03
2.312313150874098239e-03
2.307561964438470566e-03
2.302823147327198467e-03
2.298096472660774575e-03
2.293381721288444055e-03
2.288678567855875323e-03
2.283986774905895963e-03
2.279306240632546048e-03
2.274636853265365067e-03
2.269978468524657192e-03
2.265330948028334949e-03
2.260694167204903293e-03
2.256068013964701753e-03
2.251452388606511694e-03
2.246847203963356788e-03
2.242252385993171154e-03
2.237667874971456441e-03
2.233093627569369098e-03
2.228529620312955008e-03
2.223975799321889490e-03
2.219432041339120410e-03
2.214898218462468902e-03
2.210374220090582237e-03
2.205859947323707878e-03
2.201355310388812200e-03
2.196860226878071150e-03
2.192374620519861594e-03
2.187898420276684300e-03
2.183431559656166029e-03
2.178973976167879016e-03
2.174525610884093380e-03
2.170086408075136072e-03
2.165656314902582487e-03
2.161235281156121887e-03
2.156823259025334588e-03
2.152420202899677035e-03
2.148026069191742975e-03
2.143640816179299968e-03
2.139264403864512241e-03
2.134896793846375197e-03
2.130537949205623446e-03
2.126187834399987774e-03
2.121846415169260230e-03
2.117513658447721814e-03
2.113189532284429333e-03
2.108874005770182240e-03
2.104567048969797297e-03
2.100268632860160731e-03
2.095978729272978021e-03
2.091697310841494472e-03
2.087424350951968925e-03
2.083159823697612514e-03
2.078903703836929278e-03
2.074655966754596851e-03
2.070416588424793970e-03
2.066185545377727684e-03
2.061962814667750010e-03
2.057748373844336433e-03
2.053542200924655167e-03
2.049344274367822984e-03
2.045154573051221475e-03
2.040973076248058394e-03
2.036799763606544911e-03
2.032634615130272417e-03
2.028477611159890809e-03
2.024328732356118175e-03
2.020187959683250080e-03
2.016055274394296451e-03
2.011930658016671848e-03
2.007814092338847632e-03
2.003705559397678942e-03
1.999605041466738248e-03
1.995512521044880919e-03
1.991427980845925354e-03
1.987351403788790646e-03
1.983282772987784732e-03
1.979222071744191850e-03
1.975169283537706912e-03
1.971124392018309187e-03
1.967087380999326448e-03
1.963058234449896293e-03
1.959036936488467006e-03
1.955023471376306221e-03
1.951017823511802356e-03
1.947019977424357950e-03
1.943029917769290016e-03
1.939047629322523079e-03
1.935073096975798964e-03
1.931106305731959639e-03
1.927147240700671565e-03
1.923195887094115335e-03
1.919252230223123098e-03
1.915316255493182624e-03
1.911387948401130701e-03
1.907467294557662479e-03
1.903554279579074962e-03
1.899648889242449949e-03
1.895751109376504805e-03
1.891860925885682776e-03
1.887978324747254487e-03
1.884103292008943321e-03
1.880235813786264787e-03
1.876375876260341418e-03
1.872523465675620963e-03
1.868678568337667429e-03
1.864841170611366075e-03
1.861011258918665026e-03
1.857188819737064971e-03
1.853373839597621418e-03
1.849566305083333350e-03
1.845766202827559639e-03
1.841973519512495527e-03
1.838188241867637828e-03
1.834410356668487790e-03
1.830639850735156374e-03
1.826876710931062998e-03
1.823120924161848299e-03
1.819372477374019961e-03
1.815631357554127424e-03
1.811897551727339409e-03
1.808171046956826141e-03
1.804451830342497986e-03
1.800739889020269062e-03
1.797035210161082542e-03
1.793337780970060639e-03
1.789647588685967924e-03
1.785964620580028032e-03
1.782288863955619430e-03
1.778620306147222444e-03
1.774958934520045207e-03
1.771304736469336274e-03
1.767657699419656692e-03
1.764017810824536521e-03
1.760385058165668407e-03
1.756759428952680765e-03
1.753140910722438689e-03
1.749529491038703940e-03
1.745925157491584178e-03
1.742327897697227429e-03
1.738737699297538243e-03
1.735154549959441956e-03
1.731578437374763470e-03
1.728009349259994158e-03
1.724447273355793559e-03
1.720892197426680597e-03
1.717344109260921263e-03
1.713802996670054594e-03
1.710268847488736988e-03
1.706741649574629229e-03
1.703221390807866742e-03
1.699708059091105134e-03
1.696201642349212278e-03
1.692702128529088986e-03
1.689209505599489685e-03
1.685723761550886237e-03
1.682244884395301841e-03
1.678772862166144283e-03
1.675307682917938140e-03
1.671849334726591921e-03
1.668397805688797428e-03
1.664953083922210593e-03
1.661515157565259145e-03
1.658084014777083844e-03
1.654659643737419871e-03
1.651242032646492962e-03
1.647831169724959122e-03
1.644427043213919377e-03
1.641029641374607950e-03
1.637638952488676761e-03
1.634254964857892716e-03
1.630877666804099327e-03
1.627507046669290870e-03
1.624143092815543863e-03
1.620785793624862896e-03
1.617435137499213587e-03
1.614091112860668083e-03
1.610753708151055081e-03
1.607422911832181870e-03
1.604098712385713119e-03
1.600780188724532311e-03
1.597467774177797808e-03
1.594161997433609854e-03
1.590862673900007157e-03
1.587569856780965882e-03
1.584283518851645157e-03
1.581003659439397064e-03
1.577730268383645447e-03
1.574463118810202683e-03
1.571202342868497541e-03
1.567947844831208554e-03
1.564699701394285441e-03
1.561457358530324606e-03
1.556771938696454747e-03
1.552178094250668446e-03
1.547515538190194842e-03
1.542923019596207550e-03
1.538349690504852135e-03
1.533813370056164071e-03
1.529301139040012848e-03
1.524814164416278539e-03
1.520346902934742060e-03
1.515900589177024155e-03
1.511476204440898984e-03
1.507072520693034622e-03
1.502689331621921091e-03
1.498326229808342406e-03
1.493983008482485490e-03
1.489659474828964290e-03
1.485355490016846813e-03
1.481070931635125295e-03
1.476805691130747339e-03
1.472559662555059882e-03
1.468332738222076928e-03
1.464124804494676413e-03
1.459935739649334497e-03
1.455765412537763422e-03
1.451613682126142932e-03
1.447480397553424329e-03
1.443365398593833776e-03
1.439268516373045509e-03
1.435189574247659966e-03
1.431128388771961283e-03
1.427084770698420135e-03
1.423058525973409623e-03
1.419049456700791903e-03
1.415057362054747891e-03
1.411082039130993936e-03
1.407123283729747954e-03
1.403180891066893631e-03
1.399254656414719404e-03
1.395344375672635763e-03
1.391449845871789177e-03
1.387570865617135992e-03
1.383707235471506305e-03
1.379858758286001347e-03
1.376025239481663571e-03
1.372206487286655200e-03
1.368402312933885302e-03
1.364612530822015106e-03
1.360836958645322446e-03
1.357075417494728363e-03
1.353327731933811609e-03
1.349593730052729267e-03
1.345873243502898001e-03
1.342166107514634671e-03
1.338472160899978509e-03
1.334791246043254232e-03
1.331123208880302840e-03
1.327467898868367035e-03
1.323825168948449893e-03
1.320194875500519749e-03
1.316576878293317923e-03
1.312971040429485514e-03
1.309377228287131843e-03
1.305795311457882274e-03
1.302225162683147723e-03
1.298666657788141634e-03
1.295119675614903607e-03
1.291584097953986637e-03
1.288059809476275325e-03
1.284546697664314683e-03
1.281044652743420793e-03
1.277553567613742098e-03
1.274073337782442774e-03
1.270603861296864699e-03
1.267145038678053068e-03
1.263696772855996782e-03
1.260258969105239844e-03
1.256831534982217518e-03
1.253414380263232148e-03
1.250007416884348684e-03
1.246610558881816036e-03
1.243223722334810136e-03
1.239846825308495333e-03
1.236479787799239652e-03
1.233122531680754886e-03
1.229774980651861249e-03
1.226437060185391970e-03
1.223108697478608384e-03
1.219789821405119689e-03
1.216480362467536923e-03
1.213180252752161115e-03
1.209889425884443179e-03
1.206607816986043653e-03
1.203335362632778445e-03
1.200072000814195444e-03
1.196817670894019785e-03
1.193572313571900165e-03
1.190335870846426702e-03
1.187108285978958917e-03
1.183889503458924108e-03
1.180679468969885728e-03
1.177478129356895886e-03
1.174285432594776579e-03
1.171101327757411185e-03
1.167925764988124709e-03
1.164758695470973675e-03
1.161600071403086831e-03
1.158449845967851307e-03
1.155307973309278391e-03
1.152174408507050185e-03
1.149049107552758226e-03
1.145932027327031377e-03
1.142823125577557310e-03
1.139722360898331316e-03
1.136629692709721943e-03
1.133545081239662041e-03
1.130468487506258593e-03
1.127399873300993652e-03
1.124339201174016489e-03
1.121286434420237180e-03
1.118241537067568873e-03
1.115204473866384565e-03
1.112175210281610887e-03
1.109153712487139041e-03
1.106139947362789902e-03
1.103133882495427277e-03
1.100135486183754195e-03
1.097144727448732095e-03
1.094161576050661994e-03
1.091186002514838230e-03
1.088217978168261931e-03
1.085257475190610880e-03
1.082304466684846445e-03
1.079358926773126438e-03
1.076420830728113277e-03
1.073490155151976414e-03
1.070566878221863080e-03
1.067650980027769723e-03
1.064742443037543316e-03
1.061841252736720441e-03
1.058947398496553000e-03
1.056060874715783254e-03
1.053181682219024367e-03
1.050309829713847679e-03
1.047445334753213143e-03
1.044588223296753857e-03
1.041738527519939792e-03
1.038896283931255984e-03
1.036061534282510608e-03
1.033234323778359437e-03
1.030414669915613764e-03
1.027602495770201223e-03
1.024797793445412488e-03
1.022000377607890391e-03
1.019210303893784697e-03
1.016427368464176140e-03
1.013651567015317473e-03
1.010882852900801040e-03
1.008121085955841897e-03
1.005366347803887412e-03
1.002618452703553723e-03
9.998774989369869221e-04
9.971433347341364904e-04
9.944160234794984302e-04
9.916954625079845050e-04
9.889816789450170658e-04
9.862746068165597658e-04
9.835742496438304276e-04
9.808805635395389817e-04
9.781935394465282770e-04
9.755131455921030531e-04
9.728393670612112609e-04
9.701721785315376920e-04
9.675115627404068993e-04
9.648574978582655269e-04
9.622099659437157500e-04
9.595689471698325276e-04
9.569344236493440093e-04
9.543063768090143638e-04
9.516847891065715942e-04
9.490696428356492709e-04
9.464604628084918219e-04
9.438572752654368408e-04
9.412606853727356398e-04
9.386702693533502352e-04
9.360862887338581477e-04
9.335084333827182697e-04
9.309368534747560842e-04
9.283714798859432583e-04
9.258123165156049907e-04
9.232592151606181137e-04
9.195815436489200882e-04
9.160755896551180544e-04
9.124344517961178232e-04
9.089287871177087214e-04
9.053768409503335120e-04
9.018876712633343935e-04
8.983846295244894047e-04
8.949168557093298325e-04
8.914458579509049142e-04
8.879997100732406508e-04
8.845585123112371852e-04
8.811359897870313200e-04
8.777225614078014828e-04
8.743252602965805292e-04
8.709393405152441930e-04
8.675685411144588898e-04
8.642104462520160471e-04
8.608670917562350660e-04
8.575372048885477640e-04
8.542219017624107886e-04
8.509204756498905866e-04
8.476335270058073549e-04
8.443606299458710201e-04
8.411020865842158559e-04
8.378576098864946170e-04
8.346273250701858335e-04
8.314110133232683773e-04
8.282086932141299613e-04
8.250201794113573919e-04
8.218454257240883363e-04
8.186842636286364690e-04
8.155366078161810188e-04
8.124022989281339197e-04
8.092812285754686849e-04
8.061732433502680857e-04
8.030782219836410342e-04
7.999960158958874462e-04
7.969264975015473299e-04
7.938695228463956257e-04
7.908249622763234869e-04
7.877926766056807121e-04
7.847725368589583174e-04
7.817644088397454833e-04
7.787681660112182221e-04
7.757836793499434287e-04
7.728108258612158624e-04
7.698494818019821755e-04
7.668995283828638609e-04
7.639608471673272260e-04
7.610341741793271624e-04
7.581201807969268399e-04
7.552187231485117669e-04
7.523296595451993115e-04
7.494528527847161680e-04
7.465881680968167004e-04
7.437354747415313855e-04
7.408946445281889290e-04
7.380655529289978237e-04
7.352480779962596025e-04
7.324421011412288879e-04
7.296475063297067206e-04
7.268641806285622634e-04
7.240920135982487939e-04
7.213308976761585115e-04
7.185807277108356228e-04
7.158414012297869633e-04
7.131128180765011933e-04
7.103948805963425242e-04
7.076874933487698523e-04
7.049905632351327524e-04
7.023039992664686579e-04
6.996277126498054617e-04
6.969616165977396199e-04
6.943056263847926547e-04
6.916596591891627406e-04
6.890236341273397016e-04
6.863974721204460852e-04
6.837810959136425386e-04
6.811744299614520695e-04
6.785774004363425913e-04
6.759899351291302674e-04
6.734119634495994589e-04
6.708434163393372065e-04
6.682842262666464786e-04
6.657343271494944176e-04
6.631936543463181960e-04
6.606621445873255222e-04
6.581397359626962439e-04
6.556263678605304219e-04
6.531219809536342909e-04
6.506265171430573955e-04
6.481399195437799292e-04
6.456621324333628592e-04
6.431931012369226193e-04
6.407327724801242233e-04
6.382810937741189867e-04
6.358380137718137740e-04
6.334034821532743848e-04
6.309774495850957281e-04
6.285598677062180723e-04
6.261506890898917155e-04
6.237498672301325896e-04
6.213573565061970751e-04
6.189731121695276651e-04
6.165970903103997619e-04
6.142292478456564233e-04
6.118695424872557659e-04
6.095179327307842770e-04
6.071743778255420500e-04
6.048388377641856183e-04
6.025112732539859720e-04
6.001916457074109616e-04
5.978799172149075946e-04
5.955760505362131313e-04
5.932800090742518326e-04
5.932810654907144958e-04
