3.941653805793686960e+00
3.896180580177817543e+00
3.852606901444451726e+00
3.810239897657145658e+00
3.768797920522040990e+00
3.728126419345423326e+00
3.688127074014982298e+00
3.648731455876565555e+00
3.609888952769246373e+00
3.571560443496502035e+00
3.533714660053326906e+00
3.496325945395122314e+00
3.459372795158103475e+00
3.422836867686493534e+00
3.386702287982311432e+00
3.350955143786250812e+00
3.315583111602341315e+00
3.280575173193624572e+00
3.245921396657323044e+00
3.211612764613108517e+00
3.177641037423462489e+00
3.143998642909362484e+00
3.110678586408364588e+00
3.077674376665846978e+00
3.044979964200107858e+00
3.012589689605774002e+00
2.980498239855646769e+00
2.948700611099185576e+00
2.917192076784270061e+00
2.885968160173975505e+00
2.855024610519059092e+00
2.824357382292015384e+00
2.793962617000657289e+00
2.763836627188361206e+00
2.733975882298070648e+00
2.704376996132523026e+00
2.675036715689057321e+00
2.645951911182606864e+00
2.617119567100743893e+00
2.588536774158626486e+00
2.560200722041364951e+00
2.532108692838533681e+00
2.504258055088375290e+00
2.476646258361325348e+00
2.449270828322036575e+00
2.422129362216916881e+00
2.395219524741723838e+00
2.368539044248565872e+00
2.342085709257821780e+00
2.315857365244113897e+00
2.289851911669027018e+00
2.264067299236987907e+00
2.238501527352979803e+00
2.213152641765545159e+00
2.188018732365767605e+00
2.163097931158818543e+00
2.138388410352715319e+00
2.113888380584046267e+00
2.089596089257485190e+00
2.065509818991086544e+00
2.041627886159327776e+00
2.017948639525710242e+00
1.994470458958050640e+00
1.971191754219770109e+00
1.948110963831919396e+00
1.925226554000083912e+00
1.902537017601737324e+00
1.880040873229596343e+00
1.857736664286886885e+00
1.835622958130986637e+00
1.813698345262014122e+00
1.791961438553320907e+00
1.770410872521204659e+00
1.749045302630965359e+00
1.727863404637244971e+00
1.706863873956257160e+00
1.686045425067872028e+00
1.665406790945883841e+00
1.644946722514493365e+00
1.624663988129586345e+00
1.604557373083185468e+00
1.584625679129824549e+00
1.564867724033491392e+00
1.545282341133972226e+00
1.525868378931437785e+00
1.506624700688466767e+00
1.487550184048190394e+00
1.468643720667935693e+00
1.449904215867459767e+00
1.431330588291012340e+00
1.412921769582429876e+00
1.394676704072517426e+00
1.376594348478497265e+00
1.358673671614183398e+00
1.340913654111100417e+00
1.323313288149449818e+00
1.305871577198787881e+00
1.288587535767589332e+00
1.271460189161687238e+00
1.254488573250841066e+00
1.237671734243140254e+00
1.221008728466963289e+00
1.204498622159947629e+00
1.188140491264910725e+00
1.171933421232180361e+00
1.155876506828108718e+00
1.139968851949544115e+00
1.124209569443995749e+00
1.108597780935108412e+00
1.093132616653415878e+00
1.077813215272009684e+00
1.062638723746843983e+00
1.047608297161766400e+00
1.032721098577734198e+00
1.017976298886184905e+00
1.003373076666577601e+00
9.889106180474176444e-01
9.745881165712880767e-01
9.604047730631662949e-01
9.463597955021154640e-01
9.324523988963511201e-01
9.186818051611747027e-01
9.050472430000331414e-01
8.915479477883736514e-01
8.781831614602101377e-01
8.649521323972140241e-01
8.518541153206005134e-01
8.388883711849663971e-01
8.260541670748952070e-01
8.133507761033447192e-01
8.007774773125287959e-01
7.883335555764697800e-01
7.760183015057939837e-01
7.638310113541141311e-01
7.517709869263723421e-01
7.398375354887435362e-01
7.280299696802288167e-01
7.163476074257618675e-01
7.047897718507454279e-01
6.933557911969862042e-01
6.820449987400021286e-01
6.708567327075061204e-01
6.597903361990693494e-01
6.488451571070010804e-01
6.380205480380786165e-01
6.273158662364655136e-01
6.167304735073924071e-01
6.062637361417443360e-01
5.959150248413938034e-01
5.856837146453086618e-01
5.755691848562106694e-01
5.655708189678914088e-01
5.556880045929838419e-01
5.459201333912513388e-01
5.362666009981410520e-01
5.267268069537102138e-01
5.173001546317766985e-01
5.079860511691789426e-01
4.987839073951692015e-01
4.896931377607468550e-01
4.807131602687374494e-01
4.718433963995682934e-01
4.630832710451353584e-01
4.544322124339029156e-01
4.458896520597412372e-01
4.374550246094220940e-01
4.291277678893879455e-01
4.209073227517928784e-01
4.127931330196265014e-01
4.047846454107944525e-01
3.968813094610826320e-01
3.890825774457838948e-01
3.813879042998604696e-01
3.737967475365706060e-01
3.663085671641669872e-01
3.589228256007453433e-01
3.516389875868220494e-01
3.444565200955505002e-01
3.373748922403312367e-01
3.303935751794762621e-01
3.235120420177461931e-01
3.167297677044998983e-01
3.100462289279219963e-01
3.034609040053094509e-01
2.969732727687209306e-01
2.905828164457860963e-01
2.842890175351276971e-01
2.780913596759336248e-01
2.719893275111155972e-01
2.659824065435347773e-01
2.600700829844924677e-01
2.542518435939448707e-01
2.485271755115268377e-01
2.428955660775691250e-01
2.373565026431250780e-01
2.319094723679256675e-01
2.265539620051046921e-01
2.212894576713562989e-01
2.161154446010565555e-01
2.110314068826928402e-01
2.060368271757861691e-01
2.011311864062886035e-01
1.963143586714674871e-01
1.915885982556392864e-01
1.869533291480883763e-01
1.824079710334037541e-01
1.779519388461832108e-01
1.735846422921574483e-01
1.693054853322767395e-01
1.651138656259226734e-01
1.610091739290818724e-01
1.569907934427003937e-01
1.530580991057713669e-01
1.492104568272124565e-01
1.454472226496089926e-01
1.417677418371083853e-01
1.381713478786933680e-01
1.346573613967452510e-01
1.312250889495417128e-01
1.278738217145896916e-01
1.246028340378127625e-01
1.214113818313285326e-01
1.182987007999770496e-01
1.152654805459007586e-01
1.123140598000199747e-01
1.094434624676897810e-01
1.066526826553394897e-01
1.039406822345314840e-01
1.013063881764460494e-01
9.874868963104983799e-02
9.626643472206748708e-02
9.385842702527394388e-02
9.152342169356871004e-02
8.926012118782257476e-02
8.707057678433366421e-02
8.495503743363105875e-02
8.291178469830326470e-02
8.093903373357953790e-02
7.903492914478839337e-02
7.719754066352461919e-02
7.542485866312993725e-02
7.371517742215669133e-02
7.207096642152917287e-02
7.048964232227075688e-02
6.896854840256237684e-02
6.750495512554471889e-02
6.609606156608274774e-02
6.473899786893609620e-02
6.343352438410418404e-02
6.217814461290187278e-02
6.096952616636796413e-02
5.980433967907572423e-02
5.867927276225968353e-02
5.759104550161609631e-02
5.653725727506280635e-02
5.551728499438668418e-02
5.452783076929371836e-02
5.356575172104405952e-02
5.262807674647596717e-02
5.171202194427101245e-02
5.081500423676726247e-02
4.993465274319720121e-02
4.907095121333333865e-02
4.822206684871432197e-02
4.738618640466443765e-02
4.656174106250700329e-02
4.574739620718739491e-02
4.494203856867291791e-02
4.414476113532273677e-02
4.335484630882444762e-02
4.257174780710497319e-02
4.179507183263419384e-02
4.102455800949179887e-02
4.026113840735325022e-02
3.950476762924731017e-02
3.875539534807032754e-02
3.801303714026855324e-02
3.727775981572388486e-02
3.654966854723316894e-02
3.582889577013129156e-02
3.511559177600526854e-02
3.440991688934066928e-02
3.371203509184904357e-02
3.302210894486407727e-02
3.234029565425858288e-02
3.166674412316118625e-02
3.100159284377636271e-02
3.034496848939405994e-02
2.969698507984804350e-02
2.905774360723632072e-02
2.842733202268992940e-02
2.780582549876782147e-02
2.719328689515778177e-02
2.658976736744832550e-02
2.599530706964628748e-02
2.540993591074823185e-02
2.483367433402102961e-02
2.426653409478695539e-02
2.370858423209424096e-02
2.316016903705437821e-02
2.262126679171372334e-02
2.209185038792661412e-02
2.157188784452812244e-02
2.106134277604107888e-02
2.056017481303399827e-02
2.006833997541662695e-02
1.958579099986153260e-02
1.911247762549202894e-02
1.864834683814472344e-02
1.819334307775247184e-02
1.774740841096023383e-02
1.731048267181923422e-02
1.688250357317968783e-02
1.646340679121744560e-02
1.605312602534015101e-02
1.565159303549474093e-02
1.525873765868148574e-02
1.487448780624283338e-02
1.449876944327133620e-02
1.413150655125777928e-02
1.377296193264902074e-02
1.342319687027621923e-02
1.308211212288271780e-02
1.274960607556296401e-02
1.242557465886792549e-02
1.210991125941980086e-02
1.180250662246297086e-02
1.150324874669394169e-02
1.121202277163714164e-02
1.092871085776965338e-02
1.065319205955667613e-02
1.038534219151891931e-02
1.012508692512342767e-02
9.872733796307254367e-03
9.628122537806000497e-03
9.391089481013152954e-03
9.161467499014811638e-03
8.939085956132665489e-03
8.723770665250374368e-03
8.515343854358028639e-03
8.313624143934701324e-03
8.118426536987384881e-03
7.929715208677768148e-03
7.747565832488340076e-03
7.571753904560076659e-03
7.402053058615081990e-03
7.238235317032333527e-03
7.080071373189714655e-03
6.927330906410886224e-03
6.779782930748886639e-03
6.637196178635582609e-03
6.499491761529260260e-03
6.366611617081934481e-03
6.238301881385330087e-03
6.114312909525698031e-03
5.994399863230216556e-03
5.878323304919098186e-03
5.765849792400325885e-03
5.656752467983278999e-03
5.550811635314853790e-03
5.447879028479551272e-03
5.347921701939258726e-03
5.250728876262244701e-03
5.156101241263962541e-03
5.063851158700643194e-03
4.973802792027191486e-03
4.885792159849887580e-03
4.799667111170678215e-03
4.715287221914924234e-03
4.632523613624675747e-03
4.551258696589313008e-03
4.471470405189350780e-03
4.393129359590243824e-03
4.316141876407052734e-03
4.240424695701992992e-03
4.165904258295227008e-03
4.092515967092504731e-03
4.020203441807615637e-03
3.948917776346054856e-03
3.878616807558872732e-03
3.809264403302549482e-03
3.740829776825756701e-03
3.673286833497388295e-03
3.606613554825038176e-03
3.540791423625409655e-03
3.475828648284641931e-03
3.411780305139309327e-03
3.348631293669555604e-03
3.286368361171924848e-03
3.224979736511609726e-03
3.164454814277234754e-03
3.104783885202183971e-03
3.045957909260676045e-03
2.987968327601855066e-03
2.930806909449561442e-03
2.874465630131119685e-03
2.818936576503474484e-03
2.764211876253314191e-03
2.710283647455459435e-03
2.657143965902252977e-03
2.604784846485418831e-03
2.553198236663120103e-03
2.502376019422773452e-03
2.452310023705431795e-03
2.403042473577319486e-03
2.354575598225707063e-03
2.306899088715919869e-03
2.260002739575355489e-03
2.213876469242566716e-03
2.168510339693100700e-03
2.123894575238009005e-03
2.080019579589179827e-03
2.036875951080914168e-03
1.994454495581114012e-03
1.952746237036573742e-03
1.911742425426100076e-03
1.871434542140106624e-03
1.831814302700479884e-03
1.792873656902650714e-03
1.754604786375659137e-03
1.717000099688707369e-03
1.680052225045208401e-03
1.643798845941878096e-03
1.608237688030924760e-03
1.573360078562256953e-03
1.539157537669989242e-03
1.505621760447491391e-03
1.472744594853287728e-03
1.440518022714811375e-03
1.408934134449322910e-03
1.377985111085030688e-03
1.347663194330096532e-03
1.317960674059969698e-03
1.288869848001786842e-03
1.260383026860889067e-03
1.232492463324578102e-03
1.205190414935151423e-03
1.178473648826691570e-03
1.152370538252307092e-03
1.126870836896394935e-03
1.101964827152444176e-03
1.077641405521039117e-03
1.053892134079488464e-03
1.030702359641537565e-03
1.008071714219376924e-03
9.859689021627046114e-04
9.644591613342282880e-04
9.435276726931977973e-04
9.245696618557306800e-04
9.140234519460228423e-04
9.002342699688146380e-04
8.923353864432257950e-04
8.771318566156178099e-04
8.685088138603020000e-04
8.547821931987916030e-04
8.488734900400890081e-04
8.334515064149341027e-04
8.264290083063720272e-04
8.128099588738462670e-04
8.090499155258609049e-04
7.930310387953179007e-04
7.871136741281046676e-04
7.738753499191796097e-04
7.727065013764256854e-04
7.554458335996205257e-04
7.495312966546821597e-04
7.376065354838263598e-04
7.402181872132495210e-04
7.203225046506750006e-04
7.113800880438907095e-04
7.037454768329739086e-04
7.031023023209610626e-04
6.898486290543851462e-04
6.939375334350949718e-04
6.742049188971633005e-04
6.681164820817573919e-04
6.592050329024337629e-04
6.602461436685153106e-04
6.471199936062403983e-04
6.513350558488536016e-04
6.339507909071586539e-04
6.357807136626677678e-04
6.197379988761558128e-04
6.252421773368532385e-04
6.059567047903736828e-04
6.056048993124130966e-04
5.926026144600808144e-04
5.969673905752272223e-04
5.823395999974876431e-04
5.875240018126245620e-04
5.717782504168025283e-04
5.773617191338886994e-04
5.610830314221632465e-04
5.668156865185056993e-04
5.506086147653531642e-04
5.563712311634310109e-04
5.407620815863922346e-04
5.464308007929787872e-04
5.317980678822940713e-04
5.371790276793566785e-04
5.237540946018210330e-04
5.286260405498806499e-04
5.165340998806804661e-04
5.207008830001043755e-04
5.100020424390880108e-04
5.133113505193387252e-04
5.040286057426724992e-04
5.063690853946396049e-04
4.985048867006975498e-04
4.997969456865720712e-04
4.933425800733943958e-04
4.935085982761428522e-04
4.884879265738323231e-04
4.874521360150951095e-04
4.838877042910948016e-04
4.815864513308670413e-04
4.794890614339561105e-04
4.758712868259675432e-04
4.752430214462207521e-04
4.702668386514925443e-04
4.711029201962307813e-04
4.647327147877519183e-04
4.668841174869118389e-04
4.593152439161384427e-04
4.625564467160515002e-04
4.539754912393907074e-04
4.581119411086886245e-04
4.486879121580103881e-04
4.535584712408446961e-04
4.434379249692865788e-04
4.489139921155037944e-04
4.382189344121036122e-04
4.442011753345068126e-04
4.330295457855729089e-04
4.394431726732591281e-04
4.278712570858383187e-04
4.346608920404914571e-04
4.227467987526864371e-04
4.298717028171533433e-04
4.176591108534426569e-04
4.250891941648354908e-04
4.126108228939429231e-04
4.203235463088862115e-04
4.076040644673501281e-04
4.155821593991429800e-04
4.026404588757836783e-04
4.108703146153260075e-04
3.977211977726832900e-04
4.061917537196189725e-04
3.928471375637190843e-04
4.015491381080065988e-04
3.880188886232058460e-04
3.969443886056440692e-04
3.832368865424393015e-04
3.923789248044725611e-04
3.785014440164593424e-04
3.878538271322797839e-04
3.738127860195247548e-04
3.833699430149684626e-04
3.691710720969907647e-04
3.789279543970886887e-04
3.645764094349141686e-04
3.745284195155702345e-04
3.600288597003679448e-04
3.701717980551441894e-04
3.555284418891786519e-04
3.658584658740013157e-04
3.510751327530048870e-04
3.615887233564271468e-04
3.466688658578834475e-04
3.573627999730435490e-04
3.423095299491406198e-04
3.531808566474009948e-04
3.379969670380876491e-04
3.490309763528775177e-04
3.337347571333726805e-04
3.448911232583436377e-04
3.295371073206188354e-04
3.408247461758778015e-04
3.254092769456191892e-04
3.368275715505465750e-04
3.213489591962372495e-04
3.328976840175324153e-04
3.173541684959779101e-04
3.290331136512181080e-04
3.134229736928358817e-04
3.252319580380702525e-04
3.095535096766592847e-04
3.214923760066235058e-04
3.057439740786290394e-04
3.178125862321915874e-04
3.019926241767560216e-04
3.141908644939532015e-04
2.982977736242785100e-04
3.106255406841307428e-04
2.946577892375111551e-04
3.071149957925086598e-04
2.910710879107944807e-04
3.036576589771481684e-04
2.875361336826778489e-04
3.002520047613127475e-04
2.840514349549683182e-04
2.968965503645188222e-04
2.806155418573165125e-04
2.935898531688253799e-04
2.772270437467038579e-04
2.903305083053293531e-04
2.738845668295788343e-04
2.871171463563559445e-04
2.705867718950916417e-04
2.839484311567312073e-04
2.673323521470607057e-04
2.808230576878813049e-04
2.641200311237865573e-04
2.777397500500397012e-04
2.609485606943445736e-04
2.746972595039227612e-04
2.578167191209074748e-04
2.716943625692842248e-04
2.547233091769234774e-04
2.687298591752728598e-04
2.516671563105820058e-04
2.658025708452222617e-04
2.486471068439187557e-04
2.629113389126963595e-04
2.456620261974032490e-04
2.600550227535694038e-04
2.427107971298751135e-04
2.572324980274382790e-04
2.397923179835370275e-04
2.544426549159717831e-04
2.369055009233485731e-04
2.516843963458720952e-04
2.340492701597849594e-04
2.489566361889835396e-04
2.312225601429405519e-04
2.462582974218814071e-04
2.284243137157708568e-04
2.435883102354995480e-04
2.256534802126216232e-04
2.409456100785593445e-04
2.229090134883599818e-04
2.383291356179694518e-04
2.201898698617013074e-04
2.357378265996703810e-04
2.174950059546082567e-04
2.331706215897807512e-04
2.148233764073880056e-04
2.306264555719574072e-04
2.121739314462037663e-04
2.281042573762675932e-04
2.095456142770610753e-04
2.256029469092024555e-04
2.069373582756442334e-04
2.231214321530783308e-04
2.043480839386155009e-04
2.206586058902268118e-04
2.017766955554202272e-04
2.182133421112783858e-04
1.992220775534278565e-04
2.157844920484088870e-04
1.966830904607583643e-04
2.133708797701525605e-04
1.941585664205762072e-04
2.109712972653836783e-04
1.916473041785990330e-04
2.085844989149283533e-04
1.891480634497768850e-04
2.062091952501455367e-04
1.866595585512721993e-04
2.038440458591907482e-04
1.841804511643237163e-04
2.014876512812783962e-04
1.817093420584963868e-04
1.991385436793307662e-04
1.792447615728537781e-04
1.967951760577250008e-04
1.767851586012035635e-04
1.944559097038935482e-04
1.743288877656779348e-04
1.921189994786442091e-04
1.718741943834194369e-04
1.897825764526768185e-04
1.694191967249946101e-04
1.874446272766918959e-04
1.669618649270674163e-04
1.851029694736582032e-04
1.644999957333811904e-04
1.827552216137534656e-04
1.620311819955431282e-04
1.803987669692725597e-04
1.595527755158595445e-04
1.780307088681535763e-04
1.570618413597206151e-04
1.756478151546152157e-04
1.545551010799815837e-04
1.732464485436800098e-04
1.520288613987554548e-04
1.708224777849326286e-04
1.494789234404213598e-04
1.683711636442876869e-04
1.469004657571216924e-04
1.658870083714424884e-04
1.442878909436229372e-04
1.632402836428553129e-04
1.416476832129649700e-04
1.610542306959283367e-04
1.390779502080808218e-04
1.563671796359876194e-04
1.363938043580347750e-04
1.560835970942633043e-04
1.348644908586954343e-04
1.552943870907674470e-04
1.327797449664760369e-04
1.416666372064278765e-04
1.321819771128543192e-04
1.415700436603917233e-04
1.315703269482830517e-04
1.414724550674049453e-04
1.309576511963705763e-04
1.413742936404162819e-04
1.303427227451691664e-04
1.412757240867177819e-04
1.297243240804045548e-04
1.411767284159568567e-04
1.291011803761970883e-04
1.410771526052094526e-04
1.284719007479111111e-04
1.409767328596318262e-04
1.278349191216385629e-04
1.408751063242857427e-04
1.271884267466685771e-04
1.407718087663878295e-04
1.265302873423909799e-04
1.406662595852057999e-04
1.258579228003116671e-04
1.405577321058882039e-04
1.251681510947345616e-04
1.404453037347821185e-04
1.244569460196361381e-04
1.402854523914275444e-04
1.237271621761146766e-04
1.400671820401556945e-04
1.229758312966515725e-04
1.397823362754975712e-04
1.221997198096544000e-04
1.394228635523237457e-04
1.213961246260848167e-04
1.389815713131688007e-04
1.205633355309269265e-04
1.384532004110674045e-04
1.197012102515292110e-04
1.378357355062011073e-04
1.188117667019724023e-04
1.371316731894508785e-04
1.178995999194278326e-04
1.363487722703753916e-04
1.169718702675143045e-04
1.354997902285321040e-04
1.160376803459943452e-04
1.346010294551102336e-04
1.151069026703661126e-04
1.336700780085497736e-04
1.141888146255055865e-04
1.327235293528587843e-04
1.132910060683345928e-04
1.317753802528307330e-04
1.124188495219669937e-04
1.308363573560928836e-04
1.115755235505298625e-04
1.299140001926421973e-04
1.107623833883595059e-04
1.290131617597245722e-04
1.099794502725396570e-04
1.281366353837825559e-04
1.092258682528036371e-04
1.272857376877242319e-04
1.085002643221623104e-04
1.264607800339487341e-04
1.078010040551032110e-04
1.256614203326534510e-04
1.071263598816062226e-04
1.248869125428387077e-04
1.064746149362875977e-04
1.241362775544267944e-04
1.058441228326901981e-04
1.234084171456522846e-04
1.052333387910840408e-04
1.227021881811785715e-04
1.046408328923428236e-04
1.220164496802106894e-04
1.040652926145619489e-04
1.213500916727227528e-04
1.035055192499115473e-04
1.207020519840910336e-04
1.029604210797253720e-04
1.200713251155960756e-04
1.024290050658424443e-04
1.194569660248272864e-04
1.019103681030711145e-04
1.188580906755620764e-04
1.014036884303618890e-04
1.182738746009656764e-04
1.009082175218079560e-04
1.177035502922007989e-04
1.004232726114311341e-04
1.171464039599991788e-04
9.994822990535301454e-05
1.166017720042485366e-04
9.948251847827759844e-05
1.160690374203466094e-04
9.902561481923257477e-05
1.155476262747713378e-04
9.857703797674529885e-05
1.150370043358335076e-04
9.813634524726012594e-05
1.145366738979391362e-04
9.770312835023129111e-05
1.140461708287226128e-04
9.727701003583579344e-05
1.135650618356990785e-04
9.685764107548073014e-05
1.130929419592754259e-04
9.644469758966511027e-05
1.126294322723019465e-04
9.603787867272186489e-05
1.121741777800302537e-04
9.563690427891947585e-05
1.117268455059197745e-04
9.524151333793607461e-05
1.112871227467222173e-04
9.485146207230942819e-05
1.108547154823277283e-04
9.446652249261083606e-05
1.104293469295840557e-04
9.408648104918673825e-05
1.100107562231057137e-04
9.371113742192843513e-05
1.095986972140206923e-04
9.334030343214144384e-05
1.091929373754499329e-04
9.297380206225529492e-05
1.087932568016268249e-04
9.261146657126747271e-05
1.083994472954819341e-04
9.225313969493495372e-05
1.080113115321461965e-04
9.189867292161401355e-05
1.076286622985199074e-04
9.154792583520812320e-05
1.072513217895832137e-04
9.120076551800794583e-05
1.068791209685729588e-04
9.085706600737359956e-05
1.065118989775257322e-04
9.051670780008758208e-05
1.061495025949623960e-04
9.017957739997173945e-05
1.057917857379738212e-04
8.984556690397729804e-05
1.054386090031345048e-04
8.951457362311267046e-05
1.050898392420179583e-04
8.918649973469959492e-05
1.047453491721246188e-04
8.886125196290423729e-05
1.044050170138530821e-04
8.853874128474628527e-05
1.040687261568354073e-04
8.821888265935486854e-05
1.037363648502563683e-04
8.790159477815611322e-05
1.034078259151999544e-04
8.758679983406261326e-05
1.030830064790114756e-04
8.727442330807971534e-05
1.027618077265635187e-04
8.696439377155156913e-05
1.024441346699451414e-04
8.665664270293394172e-05
1.021276424636895821e-04
8.635155901217888663e-05
1.018114487297343512e-04
8.604934548954848493e-05
1.014956623197777065e-04
8.575004560609097667e-05
1.011803878883180130e-04
8.545369861447247499e-05
1.008657262375653826e-04
8.516033947070027980e-05
1.005517743329045250e-04
8.486999882423923653e-05
1.002386252138852326e-04
8.458270304915017164e-05
9.992636788481257064e-05
8.429847430485053390e-05
9.961508721622834019e-05
8.401733062044179623e-05
9.930486386959388393e-05
8.373928599900211530e-05
9.899577424688170543e-05
8.346435053911429550e-05
9.868789046632497008e-05
8.319253057093878594e-05
9.838128036222508629e-05
8.292382880468698219e-05
9.807600750866777423e-05
8.265824448915597849e-05
9.777213126226955251e-05
8.239577357812474790e-05
9.746970682506124733e-05
8.213640890278984348e-05
9.716878532345282196e-05
8.188014034818424155e-05
9.686941390108483026e-05
8.162695503199006257e-05
9.657163582547932440e-05
8.137683748406144451e-05
9.627549060432791044e-05
8.112976982530512124e-05
9.598101411008082165e-05
8.088573194460381280e-05
9.568823871253446297e-05
8.064470167284994574e-05
9.539719341688748149e-05
8.040665495278557107e-05
9.510790400407124914e-05
8.017156600422348613e-05
9.482039317434096148e-05
7.993940748383357615e-05
9.453468069407070288e-05
7.971015063887144730e-05
9.425078353956596654e-05
7.948376545447432553e-05
9.396871604246760700e-05
7.926022079448231700e-05
9.368849003288711320e-05
7.903948453496698577e-05
9.341011497991569994e-05
7.882152369105774607e-05
9.313359812951907618e-05
7.860630453646730493e-05
9.285894463935961149e-05
7.839379271598987547e-05
9.258615770945915059e-05
7.818395335099754487e-05
9.231523870801141912e-05
7.797675113802435200e-05
9.204618729400588562e-05
7.777215044068891848e-05
9.177900153467634717e-05
7.757011537497924170e-05
9.151367801726286095e-05
7.737060988831941219e-05
9.125021195749269040e-05
7.717359783252893883e-05
9.098859730170657980e-05
7.697904303101033734e-05
9.072882682541156618e-05
7.678690934029508636e-05
9.047089222515612239e-05
7.659716070651250862e-05
9.021478420844695990e-05
7.640976121663503389e-05
8.996049257511474270e-05
7.622467514522690958e-05
8.970800629814993797e-05
7.604186699657530780e-05
8.945731359650589427e-05
7.586130154278340277e-05
8.920840200604457284e-05
7.568294385788090263e-05
8.896125844494580067e-05
7.550675934833072029e-05
8.871586927603898848e-05
7.533271378011705997e-05
8.847222036458409985e-05
7.516077330264914777e-05
8.823029713197519353e-05
7.499090446972063505e-05
8.799008460724004014e-05
7.482307425782257269e-05
8.775156747397717223e-05
7.465725008186151017e-05
8.751473011474077666e-05
7.449339980859404791e-05
8.727955665229891052e-05
7.433149176789972099e-05
8.704603098750038684e-05
7.417149476211126356e-05
8.681413683518140925e-05
7.401337807358215025e-05
8.658385775721126815e-05
7.385711147052741014e-05
8.635517719249773073e-05
7.370266521139315124e-05
8.612807848585850453e-05
7.355001004793360758e-05
8.590254491386802092e-05
7.339911722692238967e-05
8.567855970910469516e-05
