3.917735350225965085e+00
3.889988681644016122e+00
3.863300467970635754e+00
3.837255721511204420e+00
3.811687226209946378e+00
3.786504061100424590e+00
3.761648938083541172e+00
3.737082383688805631e+00
3.712775504355045442e+00
3.688706205290967599e+00
3.664857020986535208e+00
3.641213781073746159e+00
3.617764744638773511e+00
3.594500013889659229e+00
3.571411122856371190e+00
3.548490740309650171e+00
3.525732449798241852e+00
3.503130583286184763e+00
3.480680092986316421e+00
3.458376451011503150e+00
3.436215569675120651e+00
3.414193737382296590e+00
3.392307566474319636e+00
3.370553950343970762e+00
3.348930027880930638e+00
3.327433153698398094e+00
3.306060873039288861e+00
3.284810900464567140e+00
3.263681101635842019e+00
3.242669477649046339e+00
3.221774151487036608e+00
3.200993356242149090e+00
3.180325424828924774e+00
3.159768780957019185e+00
3.139321931176413116e+00
3.118983457839882956e+00
3.098752012853247084e+00
3.078626312105917417e+00
3.058605130491236057e+00
3.038687297439818025e+00
3.018871692901629267e+00
2.999157243720940169e+00
2.979542920357550084e+00
2.960027733913277892e+00
2.940610733428932200e+00
2.921291003421509824e+00
2.902067661635265416e+00
2.882939856983659954e+00
2.863906767662587782e+00
2.844967599416876158e+00
2.826121583944789073e+00
2.807367977427299710e+00
2.788706059169393292e+00
2.770135130343640562e+00
2.751654512825818077e+00
2.733263548114559516e+00
2.714961596327722493e+00
2.696748035268041743e+00
2.678622259552895457e+00
2.660583679802289048e+00
2.642631721880202900e+00
2.624765826185252227e+00
2.606985446986215482e+00
2.589290051799416847e+00
2.571679120804201801e+00
2.554152146294016656e+00
2.536708632159972332e+00
2.519348093404886857e+00
2.502070055685323702e+00
2.484874054879670613e+00
2.467759636680388446e+00
2.450726356208813961e+00
2.433773777650931613e+00
2.416901473912595133e+00
2.400109026292894576e+00
2.383396024174775807e+00
2.366762064731395387e+00
2.350206752647177044e+00
2.333729699853284156e+00
2.317330525275544506e+00
2.301008854595151476e+00
2.284764320020469253e+00
2.268596560069953583e+00
2.252505219364951294e+00
2.236489948432345720e+00
2.220550403515935134e+00
2.204686246396472704e+00
2.188897144219727586e+00
2.173182769331980069e+00
2.157542799122740274e+00
2.141976915874230780e+00
2.126484806617195300e+00
2.111066162992786932e+00
2.095720681120151863e+00
2.080448061469491794e+00
2.065248008740154351e+00
2.050120231743771004e+00
2.035064443291815905e+00
2.020080360087745941e+00
2.005167702623230408e+00
1.990326195078431670e+00
1.975555565225845855e+00
1.960855544338080181e+00
1.946225867098793083e+00
1.931666271517006317e+00
1.917176498844558763e+00
1.902756293496440376e+00
1.888405402973973413e+00
1.874123577790849815e+00
1.859910571401528045e+00
1.845766140132292676e+00
1.831690043114516886e+00
1.817682042222064531e+00
1.803741902001941844e+00
1.789869389624814566e+00
1.776064274819655786e+00
1.762326329819225101e+00
1.748655329305576656e+00
1.735051050357380387e+00
1.721513272398746519e+00
1.708041777149915674e+00
1.694636348579145579e+00
1.681296772856355926e+00
1.668022838308162559e+00
1.654814335374125367e+00
1.641671056564316222e+00
1.628592796418435906e+00
1.615579351465748825e+00
1.602630520186417273e+00
1.589746102973945918e+00
1.576925902098578858e+00
1.564169721671879731e+00
1.551477367612311031e+00
1.538848647611587683e+00
1.526283371102191255e+00
1.513781349225711947e+00
1.501342394801921332e+00
1.488966322298920453e+00
1.476652947803883675e+00
1.464402088994658291e+00
1.452213565112181914e+00
1.440087196933480751e+00
1.428022806745487649e+00
1.416020218319527180e+00
1.404079256886373583e+00
1.392199749111997065e+00
1.380381523073950012e+00
1.368624408238266144e+00
1.356928235437073749e+00
1.345292836846515794e+00
1.333718045965474053e+00
1.322203697594685590e+00
1.310749627816313767e+00
1.299355673974089020e+00
1.288021674653943238e+00
1.276747469665006296e+00
1.265532900021095308e+00
1.254377807922616661e+00
1.243282036738989182e+00
1.232245430991259605e+00
1.221267836335306889e+00
1.210349099545352525e+00
1.199489068497830990e+00
1.188687592155569517e+00
1.177944520552475893e+00
1.167259704778405016e+00
1.156632996964390925e+00
1.146064250268277185e+00
1.135553318860508254e+00
1.125100057910423335e+00
1.114704323572625499e+00
1.104365972973797794e+00
1.094084864199752483e+00
1.083860856282625074e+00
1.073693809188604353e+00
1.063583583805624899e+00
1.053530041931449279e+00
1.043533046262020925e+00
1.033592460380017286e+00
1.023708148743528223e+00
1.013879976675150729e+00
1.004107810351129171e+00
9.943915167908077279e-01
9.847309638462310444e-01
9.751260201920086690e-01
9.655765553153160541e-01
9.560824395060737446e-01
9.466435438473841391e-01
9.372597402061096927e-01
9.279309012235880116e-01
9.186569003065930827e-01
9.094376116183739978e-01
9.002729100700085363e-01
8.911626713116939102e-01
8.821067717244390760e-01
8.731050884116595689e-01
8.641574991911741277e-01
8.552638825871194950e-01
8.464241178221632023e-01
8.376380848097577658e-01
8.289056641466144848e-01
8.202267371052239797e-01
8.116011856265669122e-01
8.030288923129010881e-01
7.945097404207475122e-01
7.860436138538526851e-01
7.776303971564901829e-01
7.692699755066286782e-01
7.609622347094447958e-01
7.527070611906653275e-01
7.445043419904107118e-01
7.363539647566942348e-01
7.282558177393787524e-01
7.202097897840639140e-01
7.122157703260780792e-01
7.042736493846677437e-01
6.963833175571043643e-01
6.885446660130795093e-01
6.807575864890366146e-01
6.730219712826780443e-01
6.653377132475171152e-01
6.577047057875482494e-01
6.501228428519302271e-01
6.425920189298754970e-01
6.351121290463404012e-01
6.276830687534868947e-01
6.203047341310720109e-01
6.129770217779996200e-01
6.056998288084209925e-01
5.984730528469194288e-01
5.912965920239272588e-01
5.841703449710992091e-01
5.770942108167685936e-01
5.700680891814904339e-01
5.630918801736628510e-01
5.561654843851397967e-01
5.492888028870129835e-01
5.424617372253300873e-01
5.356841894170135676e-01
5.289560619457125412e-01
5.222772577577845521e-01
5.156476802582886654e-01
5.090672333070990208e-01
5.025358212149909631e-01
4.960533487398574581e-01
4.896197210828829305e-01
4.832348438849203842e-01
4.768986232227165334e-01
4.706109656053906742e-01
4.643717779707960958e-01
4.581809676820154942e-01
4.520384425239494797e-01
4.459441106997875659e-01
4.398978808276896579e-01
4.338996619374316244e-01
4.279493634671199254e-01
4.220468952599148449e-01
4.161921675608483695e-01
4.103850910136342400e-01
4.046255766575462820e-01
3.989135359243198287e-01
3.932488806351398525e-01
3.876315229975774157e-01
3.820613756026555730e-01
3.765383514218965111e-01
3.710623638044136530e-01
3.656333264740734834e-01
3.602511535266539333e-01
3.549157594270576643e-01
3.496270590065294614e-01
3.443849674599532840e-01
3.391894003431647486e-01
3.340402735702850401e-01
3.289375034110911256e-01
3.238810064884069528e-01
3.188706997755640371e-01
3.139065005938647124e-01
3.089883266100494352e-01
3.041160958338685050e-01
2.992897266156011593e-01
2.945091376436430597e-01
2.897742479421432926e-01
2.850849768686115615e-01
2.804412441116091448e-01
2.758429696884538984e-01
2.712900739428833474e-01
2.667824775428894180e-01
2.623201014784119489e-01
2.579028670592118377e-01
2.535306959126115700e-01
2.492035099814265131e-01
2.449212315217806357e-01
2.406837831010469331e-01
2.364910875957292880e-01
2.323430681894496919e-01
2.282396483708824808e-01
2.241807519317623731e-01
2.201663029648961156e-01
2.161962258622137645e-01
2.122704453128073376e-01
2.083888863010147086e-01
2.045514741045342533e-01
2.007581342925481571e-01
1.970087927238549919e-01
1.933033755450449809e-01
1.896418091886950541e-01
1.860240203715569640e-01
1.824499360928007463e-01
1.789194836322675897e-01
1.754325905487172654e-01
1.719891846781315681e-01
1.685891941320260823e-01
1.652325472957716090e-01
1.619191728269267494e-01
1.586489996536307456e-01
1.554219569729693162e-01
1.522379742493932542e-01
1.490969812131277827e-01
1.459989078586275968e-01
1.429436844430274911e-01
1.399312414846323183e-01
1.369615097614073074e-01
1.340344203095172604e-01
1.311499044218305265e-01
1.283078936465037734e-01
1.255083197855493826e-01
1.227511148934249396e-01
1.200362112756556271e-01
1.173635414874655142e-01
1.147330383324243197e-01
1.121446348611388755e-01
1.095982643699354164e-01
1.070938603995659905e-01
1.046313567339670625e-01
1.022106873989976905e-01
9.983178666123407319e-02
9.749458902675321725e-02
9.519902923998072031e-02
9.294504228252288558e-02
9.073256337205133637e-02
8.856152796119190485e-02
8.643187173645340560e-02
8.434353061720060996e-02
8.229644075460232355e-02
8.029053853067190383e-02
7.832576055729811859e-02
7.640204367533083574e-02
7.451932495368678022e-02
7.267754168850856789e-02
7.087663140235814230e-02
6.911653184343435896e-02
6.739718098487323950e-02
6.571851702407745244e-02
6.408047838207907299e-02
6.248300370301185930e-02
6.092603185358351492e-02
5.940950192288040749e-02
5.793335322119104458e-02
5.649752528096124715e-02
5.510195785579601740e-02
5.374659092059763665e-02
5.243136467158827918e-02
5.115621952648217313e-02
4.992109612476762492e-02
4.872593532817586642e-02
4.757067822129671525e-02
4.645526611240545500e-02
4.537964053450192770e-02
4.434374324660737138e-02
4.334751623533932702e-02
4.239090171680272301e-02
4.147384213886030901e-02
4.059628018379147357e-02
3.975815877144705385e-02
3.895942106290774254e-02
3.820001046474743450e-02
3.747987063393809493e-02
3.679894548346034772e-02
3.615717918864568697e-02
3.555451619420093440e-02
3.499090122178513673e-02
3.446627927774773004e-02
3.398059566023389072e-02
3.353379596399502088e-02
3.312582607963539955e-02
3.275663218068392696e-02
3.242616068499427212e-02
3.213435816183203564e-02
3.188117112078300147e-02
3.166654553010716383e-02
3.149042566570248863e-02
3.135275110567981721e-02
3.125344764138601045e-02
3.119239195174852361e-02
3.116918294148379731e-02
3.116177426836347353e-02
3.115748727452306507e-02
3.115530720869676487e-02
3.114911882158301337e-02
3.114857729563976982e-02
3.114055721236317145e-02
3.114159460091954837e-02
3.113154554637126425e-02
3.113403876882678278e-02
3.112165222076068022e-02
3.112180024510568035e-02
3.111217161783049953e-02
3.111443481825574772e-02
3.110248608543060220e-02
3.110343872112714125e-02
3.109268619128137401e-02
3.109566018152856021e-02
3.108232123224742224e-02
3.108069284791335415e-02
3.107371762623234099e-02
3.107400460231326059e-02
3.106496131740852512e-02
3.106691157615413049e-02
3.105551643997697328e-02
3.105748614622717493e-02
3.104537582095698994e-02
3.104588680751659349e-02
3.103577159745550540e-02
3.103849440532139431e-02
3.102575838940588304e-02
3.102506442047296698e-02
3.101669279905578877e-02
3.101823176976722593e-02
3.100748711188146267e-02
3.101063090733706742e-02
3.099704193037518610e-02
3.099484713754700402e-02
3.098877926189444465e-02
3.098839495013351597e-02
3.098016925102647576e-02
3.098166138853330684e-02
3.097099458054773310e-02
3.097417120243226366e-02
3.096056719128008339e-02
3.095828288970014705e-02
3.095236488524814866e-02
3.095190110964806535e-02
3.094376456682051274e-02
3.094525299479684854e-02
3.093460009373224379e-02
3.093784472714046496e-02
3.092414609220828225e-02
3.092164932704133049e-02
3.091607726120313218e-02
3.091534373768988278e-02
3.090751432374558294e-02
3.090881979499125395e-02
3.089843328460096031e-02
3.090159964793309788e-02
3.088812647291357474e-02
3.088592282286577173e-02
3.087989270865703836e-02
3.087965564357865109e-02
3.087124302192205058e-02
3.087308571404128593e-02
3.086193271228512489e-02
3.086396900517691944e-02
3.085185057001532324e-02
3.085194149705405842e-02
3.084248660956360674e-02
3.084516195666615890e-02
3.083268374753912397e-02
3.083207404778836799e-02
3.082363602976566017e-02
3.082558932823238965e-02
3.081428658935744108e-02
3.081591200291520366e-02
3.080435666675125292e-02
3.080544964343498449e-02
3.079461610143539516e-02
3.079719106052682814e-02
3.078439842718330710e-02
3.078314789288775014e-02
3.077567408462790824e-02
3.077692072768270157e-02
3.076663419676805081e-02
3.077001945156716822e-02
3.075627314747662877e-02
3.075343382878125906e-02
3.074844121882388398e-02
3.074740762186189275e-02
3.073988444828432143e-02
3.074123897544361536e-02
3.073081065681249058e-02
3.073413581964127769e-02
3.072041702978662789e-02
3.071756310261858358e-02
3.071259926007399027e-02
3.071159407382485773e-02
3.070403224999027070e-02
3.070548601714464046e-02
3.069492740251857782e-02
3.069788473652940164e-02
3.068464409283038277e-02
3.068247671957874748e-02
3.067642984066846698e-02
3.067655300642955704e-02
3.066769125024396137e-02
3.067028047948460248e-02
3.065805848288318328e-02
3.065759291229531308e-02
3.064899329168722930e-02
3.065141404549892937e-02
3.063946712212088988e-02
3.063947874873632765e-02
3.063020070366163916e-02
3.063318257487807755e-02
3.062033380617994877e-02
3.061870590902612821e-02
3.061184000822002316e-02
3.061284269479502135e-02
3.060288996150416913e-02
3.060641244575353775e-02
3.059260489537751065e-02
3.058943141478497399e-02
3.058499962664113642e-02
3.058364471003937116e-02
3.057643348353892426e-02
3.057781347632812508e-02
3.056737054645983220e-02
3.057031662023367014e-02
3.055714046274663268e-02
3.055487603280162764e-02
3.054900237332519239e-02
3.054917485376393294e-02
3.054024269639239383e-02
3.054314631537078523e-02
3.053049000877473829e-02
3.052903980076741158e-02
3.052192313811202817e-02
3.052331768945458490e-02
3.051286089941632890e-02
3.051566653234403376e-02
3.050268864283426848e-02
3.050065969365851892e-02
3.049442957419395625e-02
3.049504227410924917e-02
3.048557685767823086e-02
3.048900590348641026e-02
3.047549739347830966e-02
3.047259921025267243e-02
3.046773668928432974e-02
3.046702136080545534e-02
3.045909089907155101e-02
3.046132807012347926e-02
3.044972447148084141e-02
3.045004787569111429e-02
3.044038443071897526e-02
3.044406064920396685e-02
3.043014979228214623e-02
3.042660792800195094e-02
3.042278664813847719e-02
3.042101871810456298e-02
3.041419719582976605e-02
3.041551575184840012e-02
3.040516599934652009e-02
3.040799408698417750e-02
3.039502678967747132e-02
3.039285207736866848e-02
3.038686317287089128e-02
3.038742728437040380e-02
3.037801470053362943e-02
3.038163986995491561e-02
3.036788476870539225e-02
3.036448061615321450e-02
3.036043912930378938e-02
3.035901109051512142e-02
3.035182057730881691e-02
3.035359895675831046e-02
3.034265240610133085e-02
3.034409231501282792e-02
3.033294219166675354e-02
3.033395188735665826e-02
3.032338017558271551e-02
3.032557329782346878e-02
3.031344386672934696e-02
3.031256531958197512e-02
3.030464508207034863e-02
3.030717842635526418e-02
3.029519621969318025e-02
3.029455382325267621e-02
3.028629491397876600e-02
3.028916422822125129e-02
3.027669492126993170e-02
3.027516880129400498e-02
3.026821139347865564e-02
3.026992795223586510e-02
3.025907313219523831e-02
3.026055725007408340e-02
3.024937283062418755e-02
3.025017294841013393e-02
3.023990720050648978e-02
3.024261405038438863e-02
3.022985588196223580e-02
3.022778347537462620e-02
3.022165894420432777e-02
3.022264751363655869e-02
3.021271303154564672e-02
3.021610977259491307e-02
3.020250001438874732e-02
3.019909565275890814e-02
3.019506099855114728e-02
3.019388100699084074e-02
3.018638832209675701e-02
3.018876614474714018e-02
3.017703614546941859e-02
3.017667064424471926e-02
3.016803933108104865e-02
3.017148338713029204e-02
3.015819213035178178e-02
3.015519397902148915e-02
3.015051489969955423e-02
3.015011646035197640e-02
3.014177550747649398e-02
3.014501976872382971e-02
3.013205227604049546e-02
3.012951175457653091e-02
3.012411797324475449e-02
3.012452640646700111e-02
3.011527286518083865e-02
3.011936840678563002e-02
3.010504490677313322e-02
3.010058336124329936e-02
3.009824545208462585e-02
3.009517948188984021e-02
3.008952216277196653e-02
3.009026534599335695e-02
3.008061748690623455e-02
3.008442552833145989e-02
3.007035805893265926e-02
3.006618017797257902e-02
3.006338558296021632e-02
3.006094389975952699e-02
3.005468164926397914e-02
3.005610835991458230e-02
3.004563322680686363e-02
3.004754275323959570e-02
3.003586113352359546e-02
3.003536582301618435e-02
3.002694508469297072e-02
3.003050921284084601e-02
3.001711434301079784e-02
3.001378872195372902e-02
3.000963164129656288e-02
3.000887837184635851e-02
3.000089041853323119e-02
3.000410971485326442e-02
2.999124366615429915e-02
2.998867518498813181e-02
2.998333412376208776e-02
2.998392622797377283e-02
2.997444431474317189e-02
2.997844735322344190e-02
2.996417978482568412e-02
2.995964125436662712e-02
2.995741005553563888e-02
2.995439725706169204e-02
2.994863858406325227e-02
2.994973421944761502e-02
2.993965845534723655e-02
2.994225117952302104e-02
2.992972691921643238e-02
2.992762106328937174e-02
2.992157683972874668e-02
2.992302040132954755e-02
2.991252404951509972e-02
2.991416858227521208e-02
2.990286448638999547e-02
2.990287654915221166e-02
2.989376669829942046e-02
2.989826392171238134e-02
2.988346966082579617e-02
2.987825712665353670e-02
2.987703283824503717e-02
2.987268788302940500e-02
2.986808445964697287e-02
2.986806041744030984e-02
2.985925506990964179e-02
2.986355488378215212e-02
2.984911556601558408e-02
2.984426400646851898e-02
2.984249962581084561e-02
2.983900137512881384e-02
2.983364226006889747e-02
2.983451080744898079e-02
2.982469302979256012e-02
2.982766688668802429e-02
2.981469838567152655e-02
2.981175452346040977e-02
2.980700032377510758e-02
2.980724558221552883e-02
2.979813193307409569e-02
2.980270027326848564e-02
2.978781811698360052e-02
2.978243351575379436e-02
2.978142147699041134e-02
2.977683759311576528e-02
2.977239474502597558e-02
2.977234393921265529e-02
2.976354982414825337e-02
2.976806769863677218e-02
2.975335467631789674e-02
2.974811716860528699e-02
2.974689533705383165e-02
2.974269849721312281e-02
2.973791312244964888e-02
2.973830784343748507e-02
2.972901660323056319e-02
2.973304201191622267e-02
2.971882303623354926e-02
2.971410561289319907e-02
2.971211449190416451e-02
2.970910439667330538e-02
2.970325225562472568e-02
2.970488719978577746e-02
2.969415474527346832e-02
2.969497260054449958e-02
2.968480351974403866e-02
2.968677968825553584e-02
2.967510000015153096e-02
2.967409290010040654e-02
2.966645179700065638e-02
2.967004618054099041e-02
2.965677300901497365e-02
2.965320853611923962e-02
2.964941736265182606e-02
2.964879830064929070e-02
2.964058304028727858e-02
2.964482091449853821e-02
2.963062639920630362e-02
2.962585748938117644e-02
2.962392782156677423e-02
2.962094686622945838e-02
2.961503504914174065e-02
2.961689658256143332e-02
2.960588880488968996e-02
2.960603542232355043e-02
2.959678694544191566e-02
2.960069631830875014e-02
2.958665242529507841e-02
2.958202093060568333e-02
2.957987623669794744e-02
2.957725465106527188e-02
2.957099474402263145e-02
2.957331989729900662e-02
2.956174303333342079e-02
2.956076833044852040e-02
2.955309118375551783e-02
2.955697147284774839e-02
2.954333866276479328e-02
2.953917500736358975e-02
2.953630634117252948e-02
2.953471031720270729e-02
2.952745369664359562e-02
2.953094334294507559e-02
2.951785978810080383e-02
2.951441216853583488e-02
2.951043031303744041e-02
2.951025674456567160e-02
2.950154000992259024e-02
2.950657830095150536e-02
2.949123945229394084e-02
2.948521813614815926e-02
2.948473657365363598e-02
2.947918347815352974e-02
2.947538553389662461e-02
2.947504393001477985e-02
2.946649641189711885e-02
2.947149818156805101e-02
2.945625967956330693e-02
2.945030166188072548e-02
2.944976557705449721e-02
2.944441799925374970e-02
2.944044402126328244e-02
2.944037122027123518e-02
2.943153206712625924e-02
2.943615719437425726e-02
2.942131472631228858e-02
2.941569209228449971e-02
2.941484629274405960e-02
2.941032051110593556e-02
2.940566944698204746e-02
2.940646334334999848e-02
2.939667604349720242e-02
2.939904565743788403e-02
2.938692759933644871e-02
2.938480694757838671e-02
2.937880589671496012e-02
2.938120945636098907e-02
2.936954407187424704e-02
2.936816751696436079e-02
2.936107872250876341e-02
2.936474048998973657e-02
2.935147030602019980e-02
2.934759514131760755e-02
2.934425733378374229e-02
2.934354286171759335e-02
2.933534780614988763e-02
2.934029504736819158e-02
2.932523097545090135e-02
2.931934127961628375e-02
2.931869751755351514e-02
2.931373463916993674e-02
2.930939657988976960e-02
2.930997550556877287e-02
2.930040888577892244e-02
2.930312895794651845e-02
2.929059422849561098e-02
2.928770806586185327e-02
2.928285234199524967e-02
2.928409751453543014e-02
2.927378767521558733e-02
2.927486741271155199e-02
2.926441719697954469e-02
2.926519745728897379e-02
2.925514168824107017e-02
2.925672904083770343e-02
2.924562480077866691e-02
2.924510767704643563e-02
2.923680985850716715e-02
2.924212065439256436e-02
2.922658349455498766e-02
2.922025824486948475e-02
2.921963481877872665e-02
2.921392658597524866e-02
2.921012251737966151e-02
2.921020231515909782e-02
2.920115054629652401e-02
2.920491687096505445e-02
2.919113672756601732e-02
2.918647201151318774e-02
2.918429734020676694e-02
2.918224534472586146e-02
2.917531271169439278e-02
2.917919729690804376e-02
2.916567891277351693e-02
2.916131029564454635e-02
2.915869276707057367e-02
2.915729763670737648e-02
2.914972690106938658e-02
2.915441250444611443e-02
2.913982118521505488e-02
2.913424470567613223e-02
2.913324517992587834e-02
2.912930165339665256e-02
2.912404346496298355e-02
2.912605087681786539e-02
2.911485303088231363e-02
2.911400096490978154e-02
2.910617633537385812e-02
2.911126545164901755e-02
2.909612977871594425e-02
2.909004312144628651e-02
2.908938014750537052e-02
2.908440382325857415e-02
2.907997374950984856e-02
2.908104525442251065e-02
2.907090039927576197e-02
2.907205170242061626e-02
2.906153243696725161e-02
2.906190967833447575e-02
2.905240841899396284e-02
2.905492763203911324e-02
2.904268244066687127e-02
2.903997915594958013e-02
2.903483275844250672e-02
2.903686563502759846e-02
2.902563238837349568e-02
2.902461088121412527e-02
2.901702600316658637e-02
2.902204608383644746e-02
2.900705108779967276e-02
2.900102948166926806e-02
2.900030365657572939e-02
2.899562824497012303e-02
2.899091832403439747e-02
2.899248949565540884e-02
2.898177711292457964e-02
2.898167691569714793e-02
2.897282223764497192e-02
2.897673134405663251e-02
2.896282691481158120e-02
2.895783579519920978e-02
2.895606325736828010e-02
2.895369850894913277e-02
2.894697670143514187e-02
2.895110656157121737e-02
2.893732199234464592e-02
2.893244584493073757e-02
2.893050929033168933e-02
2.892843380987389357e-02
2.892143546608836463e-02
2.892596246154246348e-02
2.891166739329401741e-02
2.890622580179122089e-02
2.890499806648708092e-02
2.890174393079505966e-02
2.889580006351395031e-02
2.889907798473239156e-02
2.888636738670147946e-02
2.888281756434069730e-02
2.887892260861585000e-02
2.887964300629757008e-02
2.886984198421659389e-02
2.887145950650367790e-02
2.886036370340245086e-02
2.885939898824927546e-02
2.885173547538903358e-02
2.885726325588808955e-02
2.884164683471489646e-02
2.883509028681287972e-02
2.883384866249559531e-02
2.882858650456928892e-02
2.882426488676968074e-02
2.882562757635527897e-02
2.881512294285797776e-02
2.881522621543131102e-02
2.880610473404766891e-02
2.880915848099171311e-02
2.879629743627129188e-02
2.879245775530112766e-02
2.878898185328553419e-02
2.878928993732516803e-02
2.877990286554334143e-02
2.878231643417921218e-02
2.877023705303118767e-02
2.876751384795885741e-02
2.876237274377765191e-02
2.876489581945103347e-02
2.875307992778784044e-02
2.875075871182378520e-02
2.874502654028611784e-02
2.874833802277374645e-02
2.873559448483714931e-02
2.873186118913909071e-02
2.872821606272265779e-02
2.872884549369714505e-02
2.871910914618322486e-02
2.872067701484972216e-02
2.870965728272307713e-02
2.870866259185187938e-02
2.870103893509882639e-02
2.870690192547365946e-02
2.869090258176229882e-02
2.868407838120839298e-02
2.868065719917557016e-02
2.867919700711168626e-02
2.867153520997950400e-02
2.867744103252978932e-02
2.866138432753715520e-02
2.865452426218618662e-02
2.865071002151893184e-02
2.865021728051036012e-02
2.864160678669886925e-02
2.864566398107949372e-02
2.863164023587189133e-02
2.862628545089503790e-02
2.862486262052184316e-02
2.862228532006991580e-02
2.861563478051535117e-02
2.862041311071609681e-02
2.860587420461499844e-02
2.860001213877053430e-02
2.859902960912620931e-02
2.859542262533406459e-02
2.858966007035428775e-02
2.859332220573648428e-02
2.858016534897730998e-02
2.857575866799491257e-02
2.857306839779574781e-02
2.857259969653882722e-02
2.856394325099015016e-02
2.856778701628387429e-02
2.855402216073314042e-02
2.854888620015604353e-02
2.854717736969784869e-02
2.854520711456291424e-02
2.853797686359517069e-02
2.854359382509967166e-02
2.852798125032587548e-02
2.852130561015634239e-02
2.851940957579848779e-02
2.851481298338313236e-02
2.850983109467624538e-02
2.851261244615926893e-02
2.850048566022253538e-02
2.849743367577793618e-02
2.849274193693625279e-02
2.849516542575775829e-02
2.848344230064001406e-02
2.848100553245145813e-02
2.847541416976814843e-02
2.847907836789259628e-02
2.846592413126408996e-02
2.846143030636899898e-02
2.846141979556782164e-02
